Detecting compiler hash for triplet arm64-osx...
Compiler found: /Applications/Xcode.app/Contents/Developer/Toolchains/XcodeDefault.xctoolchain/usr/bin/c++
The following packages are already installed:
  * libpq[bonjour,core,lz4,openssl,zlib]:arm64-osx@16.9
    libpqxx:arm64-osx@7.10.1
    librdkafka:arm64-osx@2.10.1
  * lz4:arm64-osx@1.10.0
    nlohmann-json:arm64-osx@3.12.0
  * openssl:arm64-osx@3.5.0#1
  * vcpkg-cmake:arm64-osx@2024-04-23
  * vcpkg-cmake-config:arm64-osx@2024-05-23
  * vcpkg-cmake-get-vars:arm64-osx@2025-05-29
  * zlib:arm64-osx@1.3.1
The following packages will be built and installed:
  * boost-any:arm64-osx@1.88.0
  * boost-assert:arm64-osx@1.88.0
  * boost-bind:arm64-osx@1.88.0
  * boost-cmake:arm64-osx@1.88.0
  * boost-concept-check:arm64-osx@1.88.0
  * boost-config:arm64-osx@1.88.0
  * boost-container:arm64-osx@1.88.0
  * boost-container-hash:arm64-osx@1.88.0
  * boost-core:arm64-osx@1.88.0
  * boost-describe:arm64-osx@1.88.0
  * boost-detail:arm64-osx@1.88.0
  * boost-function:arm64-osx@1.88.0
  * boost-function-types:arm64-osx@1.88.0
  * boost-functional:arm64-osx@1.88.0
  * boost-fusion:arm64-osx@1.88.0
  * boost-headers:arm64-osx@1.88.0
  * boost-intrusive:arm64-osx@1.88.0
  * boost-io:arm64-osx@1.88.0
  * boost-iterator:arm64-osx@1.88.0
  * boost-lexical-cast:arm64-osx@1.88.0
  * boost-move:arm64-osx@1.88.0
  * boost-mp11:arm64-osx@1.88.0
  * boost-mpl:arm64-osx@1.88.0
  * boost-optional:arm64-osx@1.88.0
  * boost-predef:arm64-osx@1.88.0
  * boost-preprocessor:arm64-osx@1.88.0
  * boost-program-options:arm64-osx@1.88.0
  * boost-smart-ptr:arm64-osx@1.88.0
  * boost-static-assert:arm64-osx@1.88.0
  * boost-throw-exception:arm64-osx@1.88.0
  * boost-tokenizer:arm64-osx@1.88.0
  * boost-tuple:arm64-osx@1.88.0
  * boost-type-index:arm64-osx@1.88.0
  * boost-type-traits:arm64-osx@1.88.0
  * boost-typeof:arm64-osx@1.88.0
  * boost-uninstall:arm64-osx@1.88.0
  * boost-utility:arm64-osx@1.88.0
    cppkafka:arm64-osx@0.4.0
  * vcpkg-boost:arm64-osx@2025-03-29
Additional packages (*) will be modified to complete this operation.
Restored 0 package(s) from /Users/boubalkaly/.cache/vcpkg/archives in 619 us. Use --debug to see more details.
Installing 1/39 vcpkg-boost:arm64-osx@2025-03-29...
Building vcpkg-boost:arm64-osx@2025-03-29...
-- Installing: /Users/boubalkaly/vcpkg/packages/vcpkg-boost_arm64-osx/share/vcpkg-boost/usage.in
-- Installing: /Users/boubalkaly/vcpkg/packages/vcpkg-boost_arm64-osx/share/vcpkg-boost/boost-install.cmake
-- Installing: /Users/boubalkaly/vcpkg/packages/vcpkg-boost_arm64-osx/share/vcpkg-boost/vcpkg-port-config.cmake
-- Installing: /Users/boubalkaly/vcpkg/packages/vcpkg-boost_arm64-osx/share/vcpkg-boost/copyright
-- Performing post-build validation
Starting submission of vcpkg-boost:arm64-osx@2025-03-29 to 1 binary cache(s) in the background
Elapsed time to handle vcpkg-boost:arm64-osx: 34 ms
vcpkg-boost:arm64-osx package ABI: d055cb592f1588b5af170740bc1f7781e58eea24a13de0d66363f2586cbe7dcc
Installing 2/39 boost-uninstall:arm64-osx@1.88.0...
Building boost-uninstall:arm64-osx@1.88.0...
-- 
Please use the following command when you need to remove all boost ports/components:
    "./vcpkg remove boost-uninstall:arm64-osx --recurse"

-- Skipping post-build validation due to VCPKG_POLICY_EMPTY_PACKAGE
Starting submission of boost-uninstall:arm64-osx@1.88.0 to 1 binary cache(s) in the background
Elapsed time to handle boost-uninstall:arm64-osx: 26.8 ms
boost-uninstall:arm64-osx package ABI: 85c6b83a0fa09088197e8594eba6391cd2dee1e0906449816b44214ba9293288
Completed submission of vcpkg-boost:arm64-osx@2025-03-29 to 1 binary cache(s) in 14.7 ms
Installing 3/39 boost-cmake:arm64-osx@1.88.0...
Building boost-cmake:arm64-osx@1.88.0...
Downloading https://github.com/boostorg/cmake/archive/boost-1.88.0.tar.gz -> boostorg-cmake-boost-1.88.0.tar.gz
Successfully downloaded boostorg-cmake-boost-1.88.0.tar.gz
-- Extracting source /Users/boubalkaly/vcpkg/downloads/boostorg-cmake-boost-1.88.0.tar.gz
-- Applying patch 0001-vcpkg-build.patch
-- Applying patch 0002-remove-prefix-and-suffix.patch
-- Using source at /Users/boubalkaly/vcpkg/buildtrees/boost-cmake/src/ost-1.88.0-7ca645f160.clean
-- Configuring arm64-osx
-- Building arm64-osx-dbg
-- Building arm64-osx-rel
-- Up-to-date: /Users/boubalkaly/vcpkg/packages/boost-cmake_arm64-osx/share/boost/cmake-build
-- Installing: /Users/boubalkaly/vcpkg/packages/boost-cmake_arm64-osx/share/boost/cmake-build/BoostFetch.cmake
-- Installing: /Users/boubalkaly/vcpkg/packages/boost-cmake_arm64-osx/share/boost/cmake-build/BoostInstall.cmake
-- Installing: /Users/boubalkaly/vcpkg/packages/boost-cmake_arm64-osx/share/boost/cmake-build/BoostTest.cmake
-- Installing: /Users/boubalkaly/vcpkg/packages/boost-cmake_arm64-osx/share/boost/cmake-build/BoostTestJamfile.cmake
-- Installing: /Users/boubalkaly/vcpkg/packages/boost-cmake_arm64-osx/share/boost/cmake-build/BoostMessage.cmake
-- Installing: /Users/boubalkaly/vcpkg/packages/boost-cmake_arm64-osx/share/boost/cmake-build/BoostRoot.cmake
-- Installing: /Users/boubalkaly/vcpkg/packages/boost-cmake_arm64-osx/share/boost-cmake/vcpkg-port-config.cmake
-- Installing: /Users/boubalkaly/vcpkg/packages/boost-cmake_arm64-osx/share/boost-cmake/usage
Downloading https://raw.githubusercontent.com/boostorg/boost/refs/tags/boost-1.88.0/LICENSE_1_0.txt -> boost-1.88.0-LICENSE_1_0.txt
Successfully downloaded boost-1.88.0-LICENSE_1_0.txt
-- Installing: /Users/boubalkaly/vcpkg/packages/boost-cmake_arm64-osx/share/boost-cmake/copyright
-- Performing post-build validation
Starting submission of boost-cmake:arm64-osx@1.88.0 to 1 binary cache(s) in the background
Elapsed time to handle boost-cmake:arm64-osx: 3.3 s
boost-cmake:arm64-osx package ABI: 65f29264351154990b7598cc277697be0764ed80a7c1f62f8a54d25c46453e82
Completed submission of boost-uninstall:arm64-osx@1.88.0 to 1 binary cache(s) in 12.3 ms
Installing 4/39 boost-headers:arm64-osx@1.88.0...
Building boost-headers:arm64-osx@1.88.0...
Downloading https://github.com/boostorg/headers/archive/boost-1.88.0.tar.gz -> boostorg-headers-boost-1.88.0.tar.gz
Successfully downloaded boostorg-headers-boost-1.88.0.tar.gz
-- Extracting source /Users/boubalkaly/vcpkg/downloads/boostorg-headers-boost-1.88.0.tar.gz
-- Using source at /Users/boubalkaly/vcpkg/buildtrees/boost-headers/src/ost-1.88.0-aa76186add.clean
-- Configuring arm64-osx
-- Building arm64-osx-rel
-- Installing: /Users/boubalkaly/vcpkg/packages/boost-headers_arm64-osx/share/boost-headers/copyright
-- Performing post-build validation
Starting submission of boost-headers:arm64-osx@1.88.0 to 1 binary cache(s) in the background
Elapsed time to handle boost-headers:arm64-osx: 1.6 s
boost-headers:arm64-osx package ABI: d200286e44ce24f18881bef52d441271c8d1ea6f709e9871675af4f07979df74
Completed submission of boost-cmake:arm64-osx@1.88.0 to 1 binary cache(s) in 15.6 ms
Installing 5/39 boost-config:arm64-osx@1.88.0...
Building boost-config:arm64-osx@1.88.0...
Downloading https://github.com/boostorg/config/archive/boost-1.88.0.tar.gz -> boostorg-config-boost-1.88.0.tar.gz
Successfully downloaded boostorg-config-boost-1.88.0.tar.gz
-- Extracting source /Users/boubalkaly/vcpkg/downloads/boostorg-config-boost-1.88.0.tar.gz
-- Using source at /Users/boubalkaly/vcpkg/buildtrees/boost-config/src/ost-1.88.0-1c5a9b795a.clean
-- Configuring arm64-osx
-- Building arm64-osx-rel
-- Installing: /Users/boubalkaly/vcpkg/packages/boost-config_arm64-osx/share/boost-config/copyright
-- Performing post-build validation
Starting submission of boost-config:arm64-osx@1.88.0 to 1 binary cache(s) in the background
Elapsed time to handle boost-config:arm64-osx: 2.5 s
boost-config:arm64-osx package ABI: 050eb9890db4642bd6b8da0c32a854a71c4bf3210d4c4379e45a5bfd0e1e1ba2
Completed submission of boost-headers:arm64-osx@1.88.0 to 1 binary cache(s) in 11.6 ms
Installing 6/39 boost-static-assert:arm64-osx@1.88.0...
Building boost-static-assert:arm64-osx@1.88.0...
Downloading https://github.com/boostorg/static_assert/archive/boost-1.88.0.tar.gz -> boostorg-static_assert-boost-1.88.0.tar.gz
Successfully downloaded boostorg-static_assert-boost-1.88.0.tar.gz
-- Extracting source /Users/boubalkaly/vcpkg/downloads/boostorg-static_assert-boost-1.88.0.tar.gz
-- Using source at /Users/boubalkaly/vcpkg/buildtrees/boost-static-assert/src/ost-1.88.0-f5f10f4cbe.clean
-- Configuring arm64-osx
-- Building arm64-osx-rel
-- Installing: /Users/boubalkaly/vcpkg/packages/boost-static-assert_arm64-osx/share/boost-static-assert/copyright
-- Performing post-build validation
Starting submission of boost-static-assert:arm64-osx@1.88.0 to 1 binary cache(s) in the background
Elapsed time to handle boost-static-assert:arm64-osx: 1.6 s
boost-static-assert:arm64-osx package ABI: 08f8c9d3e557b21518454bdba7d1e40b74a4a7691959daa6379e9f6f5e9d075e
Completed submission of boost-config:arm64-osx@1.88.0 to 1 binary cache(s) in 61.4 ms
Installing 7/39 boost-type-traits:arm64-osx@1.88.0...
Building boost-type-traits:arm64-osx@1.88.0...
Downloading https://github.com/boostorg/type_traits/archive/boost-1.88.0.tar.gz -> boostorg-type_traits-boost-1.88.0.tar.gz
Successfully downloaded boostorg-type_traits-boost-1.88.0.tar.gz
-- Extracting source /Users/boubalkaly/vcpkg/downloads/boostorg-type_traits-boost-1.88.0.tar.gz
-- Using source at /Users/boubalkaly/vcpkg/buildtrees/boost-type-traits/src/ost-1.88.0-2dbf755bb8.clean
-- Configuring arm64-osx
-- Building arm64-osx-rel
-- Installing: /Users/boubalkaly/vcpkg/packages/boost-type-traits_arm64-osx/share/boost-type-traits/copyright
-- Performing post-build validation
Starting submission of boost-type-traits:arm64-osx@1.88.0 to 1 binary cache(s) in the background
Elapsed time to handle boost-type-traits:arm64-osx: 1.8 s
boost-type-traits:arm64-osx package ABI: dd15128c6ba29174f8c8563f86d913c1fa8a012eb4e1bfe6700b0a51ad65e0d0
Completed submission of boost-static-assert:arm64-osx@1.88.0 to 1 binary cache(s) in 12.9 ms
Installing 8/39 boost-assert:arm64-osx@1.88.0...
Building boost-assert:arm64-osx@1.88.0...
Downloading https://github.com/boostorg/assert/archive/boost-1.88.0.tar.gz -> boostorg-assert-boost-1.88.0.tar.gz
Successfully downloaded boostorg-assert-boost-1.88.0.tar.gz
-- Extracting source /Users/boubalkaly/vcpkg/downloads/boostorg-assert-boost-1.88.0.tar.gz
-- Using source at /Users/boubalkaly/vcpkg/buildtrees/boost-assert/src/ost-1.88.0-b153d29229.clean
-- Configuring arm64-osx
-- Building arm64-osx-rel
-- Installing: /Users/boubalkaly/vcpkg/packages/boost-assert_arm64-osx/share/boost-assert/copyright
-- Performing post-build validation
Starting submission of boost-assert:arm64-osx@1.88.0 to 1 binary cache(s) in the background
Elapsed time to handle boost-assert:arm64-osx: 1.5 s
boost-assert:arm64-osx package ABI: 16cf7b55a3883e718bfbf538c9485db435a5d229e94c2b275c35b8809d76b993
Completed submission of boost-type-traits:arm64-osx@1.88.0 to 1 binary cache(s) in 30.5 ms
Installing 9/39 boost-throw-exception:arm64-osx@1.88.0...
Building boost-throw-exception:arm64-osx@1.88.0...
Downloading https://github.com/boostorg/throw_exception/archive/boost-1.88.0.tar.gz -> boostorg-throw_exception-boost-1.88.0.tar.gz
Successfully downloaded boostorg-throw_exception-boost-1.88.0.tar.gz
-- Extracting source /Users/boubalkaly/vcpkg/downloads/boostorg-throw_exception-boost-1.88.0.tar.gz
-- Using source at /Users/boubalkaly/vcpkg/buildtrees/boost-throw-exception/src/ost-1.88.0-48a7409424.clean
-- Configuring arm64-osx
-- Building arm64-osx-rel
-- Installing: /Users/boubalkaly/vcpkg/packages/boost-throw-exception_arm64-osx/share/boost-throw-exception/copyright
-- Performing post-build validation
Starting submission of boost-throw-exception:arm64-osx@1.88.0 to 1 binary cache(s) in the background
Elapsed time to handle boost-throw-exception:arm64-osx: 1.6 s
boost-throw-exception:arm64-osx package ABI: 928fc2c2411209c9ca3cbe5cdd479f83b0d8499ae7ff697d591af28b63e6259b
Completed submission of boost-assert:arm64-osx@1.88.0 to 1 binary cache(s) in 17.7 ms
Installing 10/39 boost-preprocessor:arm64-osx@1.88.0...
Building boost-preprocessor:arm64-osx@1.88.0...
Downloading https://github.com/boostorg/preprocessor/archive/boost-1.88.0.tar.gz -> boostorg-preprocessor-boost-1.88.0.tar.gz
Successfully downloaded boostorg-preprocessor-boost-1.88.0.tar.gz
-- Extracting source /Users/boubalkaly/vcpkg/downloads/boostorg-preprocessor-boost-1.88.0.tar.gz
-- Using source at /Users/boubalkaly/vcpkg/buildtrees/boost-preprocessor/src/ost-1.88.0-39949f1757.clean
-- Configuring arm64-osx
-- Building arm64-osx-rel
-- Installing: /Users/boubalkaly/vcpkg/packages/boost-preprocessor_arm64-osx/share/boost-preprocessor/copyright
-- Performing post-build validation
Starting submission of boost-preprocessor:arm64-osx@1.88.0 to 1 binary cache(s) in the background
Elapsed time to handle boost-preprocessor:arm64-osx: 2.8 s
boost-preprocessor:arm64-osx package ABI: 21f09fbab05e57dde8e35dcd256386f82ac1e0626efb393f03aa3e15a7ff1a50
Completed submission of boost-throw-exception:arm64-osx@1.88.0 to 1 binary cache(s) in 13.4 ms
Installing 11/39 boost-io:arm64-osx@1.88.0...
Building boost-io:arm64-osx@1.88.0...
Downloading https://github.com/boostorg/io/archive/boost-1.88.0.tar.gz -> boostorg-io-boost-1.88.0.tar.gz
Successfully downloaded boostorg-io-boost-1.88.0.tar.gz
-- Extracting source /Users/boubalkaly/vcpkg/downloads/boostorg-io-boost-1.88.0.tar.gz
-- Using source at /Users/boubalkaly/vcpkg/buildtrees/boost-io/src/ost-1.88.0-5f95ee3fba.clean
-- Configuring arm64-osx
-- Building arm64-osx-rel
-- Installing: /Users/boubalkaly/vcpkg/packages/boost-io_arm64-osx/share/boost-io/copyright
-- Performing post-build validation
Starting submission of boost-io:arm64-osx@1.88.0 to 1 binary cache(s) in the background
Elapsed time to handle boost-io:arm64-osx: 1.7 s
boost-io:arm64-osx package ABI: 18d17c53737570830f157234eb26da7a49d15f53d79348c5d7b478ed864f5187
Completed submission of boost-preprocessor:arm64-osx@1.88.0 to 1 binary cache(s) in 84.6 ms
Installing 12/39 boost-core:arm64-osx@1.88.0...
Building boost-core:arm64-osx@1.88.0...
Downloading https://github.com/boostorg/core/archive/boost-1.88.0.tar.gz -> boostorg-core-boost-1.88.0.tar.gz
Successfully downloaded boostorg-core-boost-1.88.0.tar.gz
-- Extracting source /Users/boubalkaly/vcpkg/downloads/boostorg-core-boost-1.88.0.tar.gz
-- Using source at /Users/boubalkaly/vcpkg/buildtrees/boost-core/src/ost-1.88.0-b96ab5501d.clean
-- Configuring arm64-osx
-- Building arm64-osx-rel
-- Installing: /Users/boubalkaly/vcpkg/packages/boost-core_arm64-osx/share/boost-core/copyright
-- Performing post-build validation
Starting submission of boost-core:arm64-osx@1.88.0 to 1 binary cache(s) in the background
Elapsed time to handle boost-core:arm64-osx: 2.5 s
boost-core:arm64-osx package ABI: bcbcc90bc74ad00e7ceddfc9164bc29f96fc3ab1670af37adc1c6cadd08172d0
Completed submission of boost-io:arm64-osx@1.88.0 to 1 binary cache(s) in 13 ms
Installing 13/39 boost-utility:arm64-osx@1.88.0...
Building boost-utility:arm64-osx@1.88.0...
Downloading https://github.com/boostorg/utility/archive/boost-1.88.0.tar.gz -> boostorg-utility-boost-1.88.0.tar.gz
Successfully downloaded boostorg-utility-boost-1.88.0.tar.gz
-- Extracting source /Users/boubalkaly/vcpkg/downloads/boostorg-utility-boost-1.88.0.tar.gz
-- Using source at /Users/boubalkaly/vcpkg/buildtrees/boost-utility/src/ost-1.88.0-9cd0a102dc.clean
-- Configuring arm64-osx
-- Building arm64-osx-rel
-- Installing: /Users/boubalkaly/vcpkg/packages/boost-utility_arm64-osx/share/boost-utility/copyright
-- Performing post-build validation
Starting submission of boost-utility:arm64-osx@1.88.0 to 1 binary cache(s) in the background
Elapsed time to handle boost-utility:arm64-osx: 1.8 s
boost-utility:arm64-osx package ABI: 45df34abb823087a6ab21d3e355582c1582e94df3b1d0716bdf4b433be89f3c3
Completed submission of boost-core:arm64-osx@1.88.0 to 1 binary cache(s) in 23.3 ms
Installing 14/39 boost-optional:arm64-osx@1.88.0...
Building boost-optional:arm64-osx@1.88.0...
Downloading https://github.com/boostorg/optional/archive/boost-1.88.0.tar.gz -> boostorg-optional-boost-1.88.0.tar.gz
Successfully downloaded boostorg-optional-boost-1.88.0.tar.gz
-- Extracting source /Users/boubalkaly/vcpkg/downloads/boostorg-optional-boost-1.88.0.tar.gz
-- Using source at /Users/boubalkaly/vcpkg/buildtrees/boost-optional/src/ost-1.88.0-04986b0dfa.clean
-- Configuring arm64-osx
-- Building arm64-osx-rel
-- Installing: /Users/boubalkaly/vcpkg/packages/boost-optional_arm64-osx/share/boost-optional/copyright
-- Performing post-build validation
Starting submission of boost-optional:arm64-osx@1.88.0 to 1 binary cache(s) in the background
Elapsed time to handle boost-optional:arm64-osx: 1.7 s
boost-optional:arm64-osx package ABI: db2475e336c414bd5016001a20a08ef3deb87d88c294045238393fa8c6a22731
Completed submission of boost-utility:arm64-osx@1.88.0 to 1 binary cache(s) in 25.9 ms
Installing 15/39 boost-predef:arm64-osx@1.88.0...
Building boost-predef:arm64-osx@1.88.0...
Downloading https://github.com/boostorg/predef/archive/boost-1.88.0.tar.gz -> boostorg-predef-boost-1.88.0.tar.gz
Successfully downloaded boostorg-predef-boost-1.88.0.tar.gz
-- Extracting source /Users/boubalkaly/vcpkg/downloads/boostorg-predef-boost-1.88.0.tar.gz
-- Using source at /Users/boubalkaly/vcpkg/buildtrees/boost-predef/src/ost-1.88.0-4a841ac442.clean
-- Configuring arm64-osx
-- Building arm64-osx-rel
-- Installing: /Users/boubalkaly/vcpkg/packages/boost-predef_arm64-osx/share/boost-predef/copyright
-- Performing post-build validation
Starting submission of boost-predef:arm64-osx@1.88.0 to 1 binary cache(s) in the background
Elapsed time to handle boost-predef:arm64-osx: 1.8 s
boost-predef:arm64-osx package ABI: 5a61c48f362d75ad8a7c6d2b5eb4314b89077be5dbac31be79920bebba4659cc
Completed submission of boost-optional:arm64-osx@1.88.0 to 1 binary cache(s) in 13.7 ms
Installing 16/39 boost-mpl:arm64-osx@1.88.0...
Building boost-mpl:arm64-osx@1.88.0...
Downloading https://github.com/boostorg/mpl/archive/boost-1.88.0.tar.gz -> boostorg-mpl-boost-1.88.0.tar.gz
Successfully downloaded boostorg-mpl-boost-1.88.0.tar.gz
-- Extracting source /Users/boubalkaly/vcpkg/downloads/boostorg-mpl-boost-1.88.0.tar.gz
-- Applying patch fix-msvc-build.diff
-- Using source at /Users/boubalkaly/vcpkg/buildtrees/boost-mpl/src/ost-1.88.0-fa0ace56fe.clean
-- Configuring arm64-osx
-- Building arm64-osx-rel
-- Installing: /Users/boubalkaly/vcpkg/packages/boost-mpl_arm64-osx/share/boost-mpl/copyright
-- Performing post-build validation
Starting submission of boost-mpl:arm64-osx@1.88.0 to 1 binary cache(s) in the background
Elapsed time to handle boost-mpl:arm64-osx: 3.3 s
boost-mpl:arm64-osx package ABI: fcc572aed6b5d8f79b5ed6aca907dc32cb4cebb1f06728710068e7df1e052969
Completed submission of boost-predef:arm64-osx@1.88.0 to 1 binary cache(s) in 25.6 ms
Installing 17/39 boost-mp11:arm64-osx@1.88.0...
Building boost-mp11:arm64-osx@1.88.0...
Downloading https://github.com/boostorg/mp11/archive/boost-1.88.0.tar.gz -> boostorg-mp11-boost-1.88.0.tar.gz
Successfully downloaded boostorg-mp11-boost-1.88.0.tar.gz
-- Extracting source /Users/boubalkaly/vcpkg/downloads/boostorg-mp11-boost-1.88.0.tar.gz
-- Using source at /Users/boubalkaly/vcpkg/buildtrees/boost-mp11/src/ost-1.88.0-73972791c9.clean
-- Configuring arm64-osx
-- Building arm64-osx-rel
-- Installing: /Users/boubalkaly/vcpkg/packages/boost-mp11_arm64-osx/share/boost-mp11/copyright
-- Performing post-build validation
Starting submission of boost-mp11:arm64-osx@1.88.0 to 1 binary cache(s) in the background
Elapsed time to handle boost-mp11:arm64-osx: 1.7 s
boost-mp11:arm64-osx package ABI: 38c9ac02f0f5d1702e274af4cc674e37d91ef7b51ef0a1d394c34ebdff2bb5bc
Completed submission of boost-mpl:arm64-osx@1.88.0 to 1 binary cache(s) in 109 ms
Installing 18/39 boost-typeof:arm64-osx@1.88.0...
Building boost-typeof:arm64-osx@1.88.0...
Downloading https://github.com/boostorg/typeof/archive/boost-1.88.0.tar.gz -> boostorg-typeof-boost-1.88.0.tar.gz
Successfully downloaded boostorg-typeof-boost-1.88.0.tar.gz
-- Extracting source /Users/boubalkaly/vcpkg/downloads/boostorg-typeof-boost-1.88.0.tar.gz
-- Using source at /Users/boubalkaly/vcpkg/buildtrees/boost-typeof/src/ost-1.88.0-dc32e7fe62.clean
-- Configuring arm64-osx
-- Building arm64-osx-rel
-- Installing: /Users/boubalkaly/vcpkg/packages/boost-typeof_arm64-osx/share/boost-typeof/copyright
-- Performing post-build validation
Starting submission of boost-typeof:arm64-osx@1.88.0 to 1 binary cache(s) in the background
Elapsed time to handle boost-typeof:arm64-osx: 1.6 s
boost-typeof:arm64-osx package ABI: f39ddb47bfe2aef35970790533ce357cce924b67f010d7e858979f60e1f7dc3b
Completed submission of boost-mp11:arm64-osx@1.88.0 to 1 binary cache(s) in 15.9 ms
Installing 19/39 boost-tuple:arm64-osx@1.88.0...
Building boost-tuple:arm64-osx@1.88.0...
Downloading https://github.com/boostorg/tuple/archive/boost-1.88.0.tar.gz -> boostorg-tuple-boost-1.88.0.tar.gz
Successfully downloaded boostorg-tuple-boost-1.88.0.tar.gz
-- Extracting source /Users/boubalkaly/vcpkg/downloads/boostorg-tuple-boost-1.88.0.tar.gz
-- Using source at /Users/boubalkaly/vcpkg/buildtrees/boost-tuple/src/ost-1.88.0-1590de8f80.clean
-- Configuring arm64-osx
-- Building arm64-osx-rel
-- Installing: /Users/boubalkaly/vcpkg/packages/boost-tuple_arm64-osx/share/boost-tuple/copyright
-- Performing post-build validation
Starting submission of boost-tuple:arm64-osx@1.88.0 to 1 binary cache(s) in the background
Elapsed time to handle boost-tuple:arm64-osx: 2.3 s
boost-tuple:arm64-osx package ABI: 808c9fed2844f6c637481b8677c51a8429fa3de19b15471fc22d0d087364c43d
Completed submission of boost-typeof:arm64-osx@1.88.0 to 1 binary cache(s) in 17.5 ms
Installing 20/39 boost-detail:arm64-osx@1.88.0...
Building boost-detail:arm64-osx@1.88.0...
Downloading https://github.com/boostorg/detail/archive/boost-1.88.0.tar.gz -> boostorg-detail-boost-1.88.0.tar.gz
Successfully downloaded boostorg-detail-boost-1.88.0.tar.gz
-- Extracting source /Users/boubalkaly/vcpkg/downloads/boostorg-detail-boost-1.88.0.tar.gz
-- Using source at /Users/boubalkaly/vcpkg/buildtrees/boost-detail/src/ost-1.88.0-5224a59fa4.clean
-- Configuring arm64-osx
-- Building arm64-osx-rel
-- Installing: /Users/boubalkaly/vcpkg/packages/boost-detail_arm64-osx/share/boost-detail/copyright
-- Performing post-build validation
Starting submission of boost-detail:arm64-osx@1.88.0 to 1 binary cache(s) in the background
Elapsed time to handle boost-detail:arm64-osx: 2.1 s
boost-detail:arm64-osx package ABI: 87da7bea3f04b11b2c5675a9f59c08bcfebd0d7222947cc0dcf6361851dff8fd
Completed submission of boost-tuple:arm64-osx@1.88.0 to 1 binary cache(s) in 13.2 ms
Installing 21/39 boost-function-types:arm64-osx@1.88.0...
Building boost-function-types:arm64-osx@1.88.0...
Downloading https://github.com/boostorg/function_types/archive/boost-1.88.0.tar.gz -> boostorg-function_types-boost-1.88.0.tar.gz
Successfully downloaded boostorg-function_types-boost-1.88.0.tar.gz
-- Extracting source /Users/boubalkaly/vcpkg/downloads/boostorg-function_types-boost-1.88.0.tar.gz
-- Using source at /Users/boubalkaly/vcpkg/buildtrees/boost-function-types/src/ost-1.88.0-c035a812a9.clean
-- Configuring arm64-osx
-- Building arm64-osx-rel
-- Installing: /Users/boubalkaly/vcpkg/packages/boost-function-types_arm64-osx/share/boost-function-types/copyright
-- Performing post-build validation
Starting submission of boost-function-types:arm64-osx@1.88.0 to 1 binary cache(s) in the background
Elapsed time to handle boost-function-types:arm64-osx: 2.2 s
boost-function-types:arm64-osx package ABI: ae4132d51e3d2d3986abceffcff739bddec849d9b8124b123dfd4f5db498d818
Completed submission of boost-detail:arm64-osx@1.88.0 to 1 binary cache(s) in 14.8 ms
Installing 22/39 boost-bind:arm64-osx@1.88.0...
Building boost-bind:arm64-osx@1.88.0...
Downloading https://github.com/boostorg/bind/archive/boost-1.88.0.tar.gz -> boostorg-bind-boost-1.88.0.tar.gz
Successfully downloaded boostorg-bind-boost-1.88.0.tar.gz
-- Extracting source /Users/boubalkaly/vcpkg/downloads/boostorg-bind-boost-1.88.0.tar.gz
-- Using source at /Users/boubalkaly/vcpkg/buildtrees/boost-bind/src/ost-1.88.0-bf0ada17c7.clean
-- Configuring arm64-osx
-- Building arm64-osx-rel
-- Installing: /Users/boubalkaly/vcpkg/packages/boost-bind_arm64-osx/share/boost-bind/copyright
-- Performing post-build validation
Starting submission of boost-bind:arm64-osx@1.88.0 to 1 binary cache(s) in the background
Elapsed time to handle boost-bind:arm64-osx: 1.8 s
boost-bind:arm64-osx package ABI: 713f0dd51a955de48d406edaabe7c18270f3fefe58f29c4c7b84942f971c6ff6
Completed submission of boost-function-types:arm64-osx@1.88.0 to 1 binary cache(s) in 20.5 ms
Installing 23/39 boost-function:arm64-osx@1.88.0...
Building boost-function:arm64-osx@1.88.0...
Downloading https://github.com/boostorg/function/archive/boost-1.88.0.tar.gz -> boostorg-function-boost-1.88.0.tar.gz
Successfully downloaded boostorg-function-boost-1.88.0.tar.gz
-- Extracting source /Users/boubalkaly/vcpkg/downloads/boostorg-function-boost-1.88.0.tar.gz
-- Using source at /Users/boubalkaly/vcpkg/buildtrees/boost-function/src/ost-1.88.0-e750071483.clean
-- Configuring arm64-osx
-- Building arm64-osx-rel
-- Installing: /Users/boubalkaly/vcpkg/packages/boost-function_arm64-osx/share/boost-function/copyright
-- Performing post-build validation
Starting submission of boost-function:arm64-osx@1.88.0 to 1 binary cache(s) in the background
Elapsed time to handle boost-function:arm64-osx: 2.3 s
boost-function:arm64-osx package ABI: 7e37e6bb4e1f11c733ebd5f570e0f5a8cc7e993866dfb6a7e5917676c8d60da0
Completed submission of boost-bind:arm64-osx@1.88.0 to 1 binary cache(s) in 14.4 ms
Installing 24/39 boost-functional:arm64-osx@1.88.0...
Building boost-functional:arm64-osx@1.88.0...
Downloading https://github.com/boostorg/functional/archive/boost-1.88.0.tar.gz -> boostorg-functional-boost-1.88.0.tar.gz
Successfully downloaded boostorg-functional-boost-1.88.0.tar.gz
-- Extracting source /Users/boubalkaly/vcpkg/downloads/boostorg-functional-boost-1.88.0.tar.gz
-- Using source at /Users/boubalkaly/vcpkg/buildtrees/boost-functional/src/ost-1.88.0-5f23a228ff.clean
-- Configuring arm64-osx
-- Building arm64-osx-rel
-- Installing: /Users/boubalkaly/vcpkg/packages/boost-functional_arm64-osx/share/boost-functional/copyright
-- Performing post-build validation
Starting submission of boost-functional:arm64-osx@1.88.0 to 1 binary cache(s) in the background
Elapsed time to handle boost-functional:arm64-osx: 1.7 s
boost-functional:arm64-osx package ABI: d82bec813b08ce50f565cc2b721b9b9a922cdc9662eea627cf884fae912cc618
Completed submission of boost-function:arm64-osx@1.88.0 to 1 binary cache(s) in 14.5 ms
Installing 25/39 boost-describe:arm64-osx@1.88.0...
Building boost-describe:arm64-osx@1.88.0...
Downloading https://github.com/boostorg/describe/archive/boost-1.88.0.tar.gz -> boostorg-describe-boost-1.88.0.tar.gz
Successfully downloaded boostorg-describe-boost-1.88.0.tar.gz
-- Extracting source /Users/boubalkaly/vcpkg/downloads/boostorg-describe-boost-1.88.0.tar.gz
-- Using source at /Users/boubalkaly/vcpkg/buildtrees/boost-describe/src/ost-1.88.0-590ba4e47e.clean
-- Configuring arm64-osx
-- Building arm64-osx-rel
-- Installing: /Users/boubalkaly/vcpkg/packages/boost-describe_arm64-osx/share/boost-describe/copyright
-- Performing post-build validation
Starting submission of boost-describe:arm64-osx@1.88.0 to 1 binary cache(s) in the background
Elapsed time to handle boost-describe:arm64-osx: 1.7 s
boost-describe:arm64-osx package ABI: e3049b5fdc90077141cceebe87ac161324895fda14ad9f66a2e870084d52a4fa
Completed submission of boost-functional:arm64-osx@1.88.0 to 1 binary cache(s) in 13.9 ms
Installing 26/39 boost-container-hash:arm64-osx@1.88.0...
Building boost-container-hash:arm64-osx@1.88.0...
Downloading https://github.com/boostorg/container_hash/archive/boost-1.88.0.tar.gz -> boostorg-container_hash-boost-1.88.0.tar.gz
Successfully downloaded boostorg-container_hash-boost-1.88.0.tar.gz
-- Extracting source /Users/boubalkaly/vcpkg/downloads/boostorg-container_hash-boost-1.88.0.tar.gz
-- Using source at /Users/boubalkaly/vcpkg/buildtrees/boost-container-hash/src/ost-1.88.0-3cebf95663.clean
-- Configuring arm64-osx
-- Building arm64-osx-rel
-- Installing: /Users/boubalkaly/vcpkg/packages/boost-container-hash_arm64-osx/share/boost-container-hash/copyright
-- Performing post-build validation
Starting submission of boost-container-hash:arm64-osx@1.88.0 to 1 binary cache(s) in the background
Elapsed time to handle boost-container-hash:arm64-osx: 1.6 s
boost-container-hash:arm64-osx package ABI: 7772a3ca2fd04f8efe5912c5971253e64e40f2c04df14476243b14314969a5e3
Completed submission of boost-describe:arm64-osx@1.88.0 to 1 binary cache(s) in 13.2 ms
Installing 27/39 boost-fusion:arm64-osx@1.88.0...
Building boost-fusion:arm64-osx@1.88.0...
Downloading https://github.com/boostorg/fusion/archive/boost-1.88.0.tar.gz -> boostorg-fusion-boost-1.88.0.tar.gz
Successfully downloaded boostorg-fusion-boost-1.88.0.tar.gz
-- Extracting source /Users/boubalkaly/vcpkg/downloads/boostorg-fusion-boost-1.88.0.tar.gz
-- Using source at /Users/boubalkaly/vcpkg/buildtrees/boost-fusion/src/ost-1.88.0-1dce9c04b1.clean
-- Configuring arm64-osx
-- Building arm64-osx-rel
-- Installing: /Users/boubalkaly/vcpkg/packages/boost-fusion_arm64-osx/share/boost-fusion/copyright
-- Performing post-build validation
Starting submission of boost-fusion:arm64-osx@1.88.0 to 1 binary cache(s) in the background
Elapsed time to handle boost-fusion:arm64-osx: 3.2 s
boost-fusion:arm64-osx package ABI: f05d54498c90f793e829131783eb8e7cddcd0925002d7f3d42946eb506b11e7c
Completed submission of boost-container-hash:arm64-osx@1.88.0 to 1 binary cache(s) in 12.7 ms
Installing 28/39 boost-concept-check:arm64-osx@1.88.0...
Building boost-concept-check:arm64-osx@1.88.0...
Downloading https://github.com/boostorg/concept_check/archive/boost-1.88.0.tar.gz -> boostorg-concept_check-boost-1.88.0.tar.gz
Successfully downloaded boostorg-concept_check-boost-1.88.0.tar.gz
-- Extracting source /Users/boubalkaly/vcpkg/downloads/boostorg-concept_check-boost-1.88.0.tar.gz
-- Using source at /Users/boubalkaly/vcpkg/buildtrees/boost-concept-check/src/ost-1.88.0-b83e6f9b40.clean
-- Configuring arm64-osx
-- Building arm64-osx-rel
-- Installing: /Users/boubalkaly/vcpkg/packages/boost-concept-check_arm64-osx/share/boost-concept-check/copyright
-- Performing post-build validation
Starting submission of boost-concept-check:arm64-osx@1.88.0 to 1 binary cache(s) in the background
Elapsed time to handle boost-concept-check:arm64-osx: 2 s
boost-concept-check:arm64-osx package ABI: 437d4a778012f618ca20d552b751277ae1d0e18cc0b2678c372858c5a976a06c
Completed submission of boost-fusion:arm64-osx@1.88.0 to 1 binary cache(s) in 273 ms
Installing 29/39 boost-iterator:arm64-osx@1.88.0...
Building boost-iterator:arm64-osx@1.88.0...
Downloading https://github.com/boostorg/iterator/archive/boost-1.88.0.tar.gz -> boostorg-iterator-boost-1.88.0.tar.gz
Successfully downloaded boostorg-iterator-boost-1.88.0.tar.gz
-- Extracting source /Users/boubalkaly/vcpkg/downloads/boostorg-iterator-boost-1.88.0.tar.gz
-- Using source at /Users/boubalkaly/vcpkg/buildtrees/boost-iterator/src/ost-1.88.0-51514a5505.clean
-- Configuring arm64-osx
-- Building arm64-osx-rel
-- Installing: /Users/boubalkaly/vcpkg/packages/boost-iterator_arm64-osx/share/boost-iterator/copyright
-- Performing post-build validation
Starting submission of boost-iterator:arm64-osx@1.88.0 to 1 binary cache(s) in the background
Elapsed time to handle boost-iterator:arm64-osx: 2.6 s
boost-iterator:arm64-osx package ABI: 92256c0ff2736ac4cb1505c817b246b39e6d50e12b9d3a5440a3d3748b2def0c
Completed submission of boost-concept-check:arm64-osx@1.88.0 to 1 binary cache(s) in 26.2 ms
Installing 30/39 boost-tokenizer:arm64-osx@1.88.0...
Building boost-tokenizer:arm64-osx@1.88.0...
Downloading https://github.com/boostorg/tokenizer/archive/boost-1.88.0.tar.gz -> boostorg-tokenizer-boost-1.88.0.tar.gz
Successfully downloaded boostorg-tokenizer-boost-1.88.0.tar.gz
-- Extracting source /Users/boubalkaly/vcpkg/downloads/boostorg-tokenizer-boost-1.88.0.tar.gz
-- Using source at /Users/boubalkaly/vcpkg/buildtrees/boost-tokenizer/src/ost-1.88.0-2778161568.clean
-- Configuring arm64-osx
-- Building arm64-osx-rel
-- Installing: /Users/boubalkaly/vcpkg/packages/boost-tokenizer_arm64-osx/share/boost-tokenizer/copyright
-- Performing post-build validation
Starting submission of boost-tokenizer:arm64-osx@1.88.0 to 1 binary cache(s) in the background
Elapsed time to handle boost-tokenizer:arm64-osx: 1.7 s
boost-tokenizer:arm64-osx package ABI: b10873ccaa9a221c4f899ff010e24bbc0ed19d34dc5f6462859cd548526f53fc
Completed submission of boost-iterator:arm64-osx@1.88.0 to 1 binary cache(s) in 14.9 ms
Installing 31/39 boost-smart-ptr:arm64-osx@1.88.0...
Building boost-smart-ptr:arm64-osx@1.88.0...
Downloading https://github.com/boostorg/smart_ptr/archive/boost-1.88.0.tar.gz -> boostorg-smart_ptr-boost-1.88.0.tar.gz
Successfully downloaded boostorg-smart_ptr-boost-1.88.0.tar.gz
-- Extracting source /Users/boubalkaly/vcpkg/downloads/boostorg-smart_ptr-boost-1.88.0.tar.gz
-- Using source at /Users/boubalkaly/vcpkg/buildtrees/boost-smart-ptr/src/ost-1.88.0-22d9bb8b79.clean
-- Configuring arm64-osx
-- Building arm64-osx-rel
-- Installing: /Users/boubalkaly/vcpkg/packages/boost-smart-ptr_arm64-osx/share/boost-smart-ptr/copyright
-- Performing post-build validation
Starting submission of boost-smart-ptr:arm64-osx@1.88.0 to 1 binary cache(s) in the background
Elapsed time to handle boost-smart-ptr:arm64-osx: 1.9 s
boost-smart-ptr:arm64-osx package ABI: d0509a139921a8973d434e3232a047fa9ac8d8fa05d317b1c31a09c5e8f2c639
Completed submission of boost-tokenizer:arm64-osx@1.88.0 to 1 binary cache(s) in 13.1 ms
Installing 32/39 boost-move:arm64-osx@1.88.0...
Building boost-move:arm64-osx@1.88.0...
Downloading https://github.com/boostorg/move/archive/boost-1.88.0.tar.gz -> boostorg-move-boost-1.88.0.tar.gz
Successfully downloaded boostorg-move-boost-1.88.0.tar.gz
-- Extracting source /Users/boubalkaly/vcpkg/downloads/boostorg-move-boost-1.88.0.tar.gz
-- Using source at /Users/boubalkaly/vcpkg/buildtrees/boost-move/src/ost-1.88.0-d6f7db8579.clean
-- Configuring arm64-osx
-- Building arm64-osx-rel
-- Installing: /Users/boubalkaly/vcpkg/packages/boost-move_arm64-osx/share/boost-move/copyright
-- Performing post-build validation
Starting submission of boost-move:arm64-osx@1.88.0 to 1 binary cache(s) in the background
Elapsed time to handle boost-move:arm64-osx: 1.9 s
boost-move:arm64-osx package ABI: 4991f62e5034a6ff27865a73de6ccf5ca47c36f137520b3f470bddb6e782ba7f
Completed submission of boost-smart-ptr:arm64-osx@1.88.0 to 1 binary cache(s) in 25.2 ms
Installing 33/39 boost-intrusive:arm64-osx@1.88.0...
Building boost-intrusive:arm64-osx@1.88.0...
Downloading https://github.com/boostorg/intrusive/archive/boost-1.88.0.tar.gz -> boostorg-intrusive-boost-1.88.0.tar.gz
Successfully downloaded boostorg-intrusive-boost-1.88.0.tar.gz
-- Extracting source /Users/boubalkaly/vcpkg/downloads/boostorg-intrusive-boost-1.88.0.tar.gz
-- Using source at /Users/boubalkaly/vcpkg/buildtrees/boost-intrusive/src/ost-1.88.0-2b4f794aaf.clean
-- Configuring arm64-osx
-- Building arm64-osx-rel
-- Installing: /Users/boubalkaly/vcpkg/packages/boost-intrusive_arm64-osx/share/boost-intrusive/copyright
-- Performing post-build validation
Starting submission of boost-intrusive:arm64-osx@1.88.0 to 1 binary cache(s) in the background
Elapsed time to handle boost-intrusive:arm64-osx: 1.7 s
boost-intrusive:arm64-osx package ABI: e1a0e851ff45648e0fbd207081dce89d93ca67f97f1bc911506691198c220069
Completed submission of boost-move:arm64-osx@1.88.0 to 1 binary cache(s) in 22 ms
Installing 34/39 boost-container:arm64-osx@1.88.0...
Building boost-container:arm64-osx@1.88.0...
Downloading https://github.com/boostorg/container/archive/boost-1.88.0.tar.gz -> boostorg-container-boost-1.88.0.tar.gz
Successfully downloaded boostorg-container-boost-1.88.0.tar.gz
-- Extracting source /Users/boubalkaly/vcpkg/downloads/boostorg-container-boost-1.88.0.tar.gz
-- Applying patch posix-threads.diff
-- Using source at /Users/boubalkaly/vcpkg/buildtrees/boost-container/src/ost-1.88.0-ff96641865.clean
-- Configuring arm64-osx
-- Building arm64-osx-dbg
-- Building arm64-osx-rel
-- Installing: /Users/boubalkaly/vcpkg/packages/boost-container_arm64-osx/share/boost-container/copyright
-- Performing post-build validation
Starting submission of boost-container:arm64-osx@1.88.0 to 1 binary cache(s) in the background
Elapsed time to handle boost-container:arm64-osx: 2.9 s
boost-container:arm64-osx package ABI: 3a3c85becab95881d05bdb5e45424884a911830a8baec927a00a6314192a78ea
Completed submission of boost-intrusive:arm64-osx@1.88.0 to 1 binary cache(s) in 43 ms
Installing 35/39 boost-lexical-cast:arm64-osx@1.88.0...
Building boost-lexical-cast:arm64-osx@1.88.0...
Downloading https://github.com/boostorg/lexical_cast/archive/boost-1.88.0.tar.gz -> boostorg-lexical_cast-boost-1.88.0.tar.gz
Successfully downloaded boostorg-lexical_cast-boost-1.88.0.tar.gz
-- Extracting source /Users/boubalkaly/vcpkg/downloads/boostorg-lexical_cast-boost-1.88.0.tar.gz
-- Using source at /Users/boubalkaly/vcpkg/buildtrees/boost-lexical-cast/src/ost-1.88.0-d2336c6fb5.clean
-- Configuring arm64-osx
-- Building arm64-osx-rel
-- Installing: /Users/boubalkaly/vcpkg/packages/boost-lexical-cast_arm64-osx/share/boost-lexical-cast/copyright
-- Performing post-build validation
Starting submission of boost-lexical-cast:arm64-osx@1.88.0 to 1 binary cache(s) in the background
Elapsed time to handle boost-lexical-cast:arm64-osx: 2.4 s
boost-lexical-cast:arm64-osx package ABI: a4516590079ca6a17f3b24827536e31a7449e83243310e948ab90658c54ddaf4
Completed submission of boost-container:arm64-osx@1.88.0 to 1 binary cache(s) in 58.1 ms
Installing 36/39 boost-type-index:arm64-osx@1.88.0...
Building boost-type-index:arm64-osx@1.88.0...
Downloading https://github.com/boostorg/type_index/archive/boost-1.88.0.tar.gz -> boostorg-type_index-boost-1.88.0.tar.gz
Successfully downloaded boostorg-type_index-boost-1.88.0.tar.gz
-- Extracting source /Users/boubalkaly/vcpkg/downloads/boostorg-type_index-boost-1.88.0.tar.gz
-- Using source at /Users/boubalkaly/vcpkg/buildtrees/boost-type-index/src/ost-1.88.0-1ee8827b7b.clean
-- Configuring arm64-osx
-- Building arm64-osx-rel
-- Installing: /Users/boubalkaly/vcpkg/packages/boost-type-index_arm64-osx/share/boost-type-index/copyright
-- Performing post-build validation
Starting submission of boost-type-index:arm64-osx@1.88.0 to 1 binary cache(s) in the background
Elapsed time to handle boost-type-index:arm64-osx: 1.9 s
boost-type-index:arm64-osx package ABI: ebf1e31049693193bfe75a323a7526493d24816b818bbcfbaf6d88b361b7a339
Completed submission of boost-lexical-cast:arm64-osx@1.88.0 to 1 binary cache(s) in 15.7 ms
Installing 37/39 boost-any:arm64-osx@1.88.0...
Building boost-any:arm64-osx@1.88.0...
Downloading https://github.com/boostorg/any/archive/boost-1.88.0.tar.gz -> boostorg-any-boost-1.88.0.tar.gz
Successfully downloaded boostorg-any-boost-1.88.0.tar.gz
-- Extracting source /Users/boubalkaly/vcpkg/downloads/boostorg-any-boost-1.88.0.tar.gz
-- Using source at /Users/boubalkaly/vcpkg/buildtrees/boost-any/src/ost-1.88.0-2347ea3720.clean
-- Configuring arm64-osx
-- Building arm64-osx-rel
-- Installing: /Users/boubalkaly/vcpkg/packages/boost-any_arm64-osx/share/boost-any/copyright
-- Performing post-build validation
Starting submission of boost-any:arm64-osx@1.88.0 to 1 binary cache(s) in the background
Elapsed time to handle boost-any:arm64-osx: 2.2 s
boost-any:arm64-osx package ABI: 6fc2109653c012305391d215d43dde457b4dabf74851848c1e99edb6ce3fa383
Completed submission of boost-type-index:arm64-osx@1.88.0 to 1 binary cache(s) in 14.7 ms
Installing 38/39 boost-program-options:arm64-osx@1.88.0...
Building boost-program-options:arm64-osx@1.88.0...
Downloading https://github.com/boostorg/program_options/archive/boost-1.88.0.tar.gz -> boostorg-program_options-boost-1.88.0.tar.gz
Successfully downloaded boostorg-program_options-boost-1.88.0.tar.gz
-- Extracting source /Users/boubalkaly/vcpkg/downloads/boostorg-program_options-boost-1.88.0.tar.gz
-- Using source at /Users/boubalkaly/vcpkg/buildtrees/boost-program-options/src/ost-1.88.0-2d907932eb.clean
-- Configuring arm64-osx
-- Building arm64-osx-dbg
-- Building arm64-osx-rel
-- Installing: /Users/boubalkaly/vcpkg/packages/boost-program-options_arm64-osx/share/boost-program-options/copyright
-- Performing post-build validation
Starting submission of boost-program-options:arm64-osx@1.88.0 to 1 binary cache(s) in the background
Elapsed time to handle boost-program-options:arm64-osx: 5 s
boost-program-options:arm64-osx package ABI: a3fc8d6e9e8f7b8b392fa78b4d4d05250aed5efd8d552b63d27ef6a12f745d7e
Completed submission of boost-any:arm64-osx@1.88.0 to 1 binary cache(s) in 15.5 ms
Installing 39/39 cppkafka:arm64-osx@0.4.0...
Building cppkafka:arm64-osx@0.4.0...
Downloading https://github.com/mfontanini/cppkafka/archive/0.4.0.tar.gz -> mfontanini-cppkafka-0.4.0.tar.gz
Successfully downloaded mfontanini-cppkafka-0.4.0.tar.gz
-- Extracting source /Users/boubalkaly/vcpkg/downloads/mfontanini-cppkafka-0.4.0.tar.gz
-- Applying patch 0001-Fix-static-lib.patch
-- Applying patch 0002-Remove-min-max-macros.patch
-- Using source at /Users/boubalkaly/vcpkg/buildtrees/cppkafka/src/0.4.0-4d48960b68.clean
-- Configuring arm64-osx-dbg
-- Configuring arm64-osx-rel
-- Building arm64-osx-dbg
-- Building arm64-osx-rel
-- Installing: /Users/boubalkaly/vcpkg/packages/cppkafka_arm64-osx/share/cppkafka/copyright
-- Fixing pkgconfig file: /Users/boubalkaly/vcpkg/packages/cppkafka_arm64-osx/lib/pkgconfig/cppkafka.pc
-- Fixing pkgconfig file: /Users/boubalkaly/vcpkg/packages/cppkafka_arm64-osx/debug/lib/pkgconfig/cppkafka.pc
-- Performing post-build validation
Starting submission of cppkafka:arm64-osx@0.4.0 to 1 binary cache(s) in the background
Elapsed time to handle cppkafka:arm64-osx: 6.8 s
cppkafka:arm64-osx package ABI: fcb552846afea5983947a71a2c9b4dbbe2046d6ec7d3046843c48821fd757f8f
The package librdkafka:arm64-osx provides CMake targets:

    find_package(RdKafka CONFIG REQUIRED)
    target_link_libraries(main PRIVATE RdKafka::rdkafka RdKafka::rdkafka++)

cppkafka provides CMake targets:

  # this is heuristically generated, and may not be correct
  find_package(CppKafka CONFIG REQUIRED)
  target_link_libraries(main PRIVATE RdKafka::rdkafka CppKafka::cppkafka)

cppkafka provides pkg-config modules:

  # C++ wrapper library on top of RdKafka
  cppkafka

libpqxx provides CMake targets:

  # this is heuristically generated, and may not be correct
  find_package(libpqxx CONFIG REQUIRED)
  target_link_libraries(main PRIVATE libpqxx::pqxx)

libpqxx provides pkg-config modules:

  # C++ client API for the PostgreSQL database management system.
  libpqxx

The package nlohmann-json provides CMake targets:

    find_package(nlohmann_json CONFIG REQUIRED)
    target_link_libraries(main PRIVATE nlohmann_json::nlohmann_json)

The package nlohmann-json can be configured to not provide implicit conversions via a custom triplet file:

    set(nlohmann-json_IMPLICIT_CONVERSIONS OFF)

For more information, see the docs here:
    
    https://json.nlohmann.me/api/macros/json_use_implicit_conversions/

Completed submission of boost-program-options:arm64-osx@1.88.0 to 1 binary cache(s) in 207 ms
Waiting for 1 remaining binary cache submissions...
Completed submission of cppkafka:arm64-osx@0.4.0 to 1 binary cache(s) in 257 ms (1/1)
All requested installations completed successfully in: 1.4 min
